<?xml version="1.0" encoding="UTF-8"?>
<!-- Generated by org.testng.reporters.JUnitXMLReporter -->
<testsuite ignored="0" hostname="DESKTOP-3B1LJVP" failures="0" tests="4" name="Default test" time="95.829" errors="0" timestamp="2024-01-11T13:41:51 EET">
  <testcase classname="swagLab.TestCases" name="loginTest" time="3.95"/>
  <testcase classname="swagLab.TestCases" name="listitem" time="60.428"/>
  <testcase classname="swagLab.TestCases" name="checkoutTest" time="18.621"/>
  <testcase classname="swagLab.TestCases" name="logoutTest" time="10.396"/>
</testsuite> <!-- Default test -->
