<?xml version="1.0" encoding="UTF-8"?>
<testng-results ignored="0" total="4" passed="4" failed="0" skipped="0">
  <reporter-output>
  </reporter-output>
  <suite started-at="2024-01-11T13:40:15 EET" name="Default suite" finished-at="2024-01-11T13:41:51 EET" duration-ms="95829">
    <groups>
    </groups>
    <test started-at="2024-01-11T13:40:15 EET" name="Default test" finished-at="2024-01-11T13:41:51 EET" duration-ms="95829">
      <class name="swagLab.TestCases">
        <test-method is-config="true" signature="myBeforeTest()[pri:0, instance:swagLab.TestCases@485a3466]" started-at="2024-01-11T13:40:15 EET" name="myBeforeTest" finished-at="2024-01-11T13:40:17 EET" duration-ms="2341" status="PASS">
          <reporter-output>
          </reporter-output>
        </test-method> <!-- myBeforeTest -->
        <test-method signature="loginTest()[pri:1, instance:swagLab.TestCases@485a3466]" started-at="2024-01-11T13:40:17 EET" name="loginTest" finished-at="2024-01-11T13:40:21 EET" duration-ms="3950" status="PASS">
          <reporter-output>
          </reporter-output>
        </test-method> <!-- loginTest -->
        <test-method signature="listitem()[pri:2, instance:swagLab.TestCases@485a3466]" started-at="2024-01-11T13:40:21 EET" name="listitem" finished-at="2024-01-11T13:41:22 EET" duration-ms="60428" status="PASS">
          <reporter-output>
          </reporter-output>
        </test-method> <!-- listitem -->
        <test-method signature="checkoutTest()[pri:3, instance:swagLab.TestCases@485a3466]" started-at="2024-01-11T13:41:22 EET" name="checkoutTest" finished-at="2024-01-11T13:41:40 EET" duration-ms="18621" status="PASS">
          <reporter-output>
          </reporter-output>
        </test-method> <!-- checkoutTest -->
        <test-method signature="logoutTest()[pri:4, instance:swagLab.TestCases@485a3466]" started-at="2024-01-11T13:41:40 EET" name="logoutTest" finished-at="2024-01-11T13:41:51 EET" duration-ms="10396" status="PASS">
          <reporter-output>
          </reporter-output>
        </test-method> <!-- logoutTest -->
        <test-method is-config="true" signature="MyAfterTest()[pri:0, instance:swagLab.TestCases@485a3466]" started-at="2024-01-11T13:41:51 EET" name="MyAfterTest" finished-at="2024-01-11T13:41:51 EET" duration-ms="0" status="PASS">
          <reporter-output>
          </reporter-output>
        </test-method> <!-- MyAfterTest -->
      </class> <!-- swagLab.TestCases -->
    </test> <!-- Default test -->
  </suite> <!-- Default suite -->
</testng-results>
